#
# A fatal error has been detected by the Java Runtime Environment:
#
#  Internal Error (classFileParser.cpp:3075), pid=2932, tid=2400
#  Error: ShouldNotReachHere()
#
# JRE version: 6.0_16-b01
# Java VM: Java HotSpot(TM) Client VM (14.2-b01 mixed mode windows-x86 )
# If you would like to submit a bug report, please visit:
#   http://java.sun.com/webapps/bugreport/crash.jsp
#

---------------  T H R E A D  ---------------

Current thread (0x015a9000):  JavaThread "Unknown thread" [_thread_in_vm, id=2400, stack(0x00340000,0x00390000)]

Stack: [0x00340000,0x00390000],  sp=0x0038f8f8,  free space=318k
Native frames: (J=compiled Java code, j=interpreted, Vv=VM code, C=native code)
V  [jvm.dll+0x1e66c7]
V  [jvm.dll+0xa0c09]
V  [jvm.dll+0x73792]
V  [jvm.dll+0x74e04]
V  [jvm.dll+0x1b6336]
V  [jvm.dll+0x1b69ce]
V  [jvm.dll+0x1b6d85]
V  [jvm.dll+0x1b6dcb]
V  [jvm.dll+0x1b6ef2]
V  [jvm.dll+0x1b6f6a]
V  [jvm.dll+0x1b701d]
V  [jvm.dll+0x1b7232]
V  [jvm.dll+0x1d6153]
V  [jvm.dll+0x1d658c]
V  [jvm.dll+0xd66f1]
V  [jvm.dll+0x1d05e2]
V  [jvm.dll+0xfedc0]
C  [javaw.exe+0x1657]
C  [javaw.exe+0x1e2c]
C  [javaw.exe+0x833e]
C  [kernel32.dll+0x4ef1c]
C  [ntdll.dll+0x63b53]
C  [ntdll.dll+0x63b26]


---------------  P R O C E S S  ---------------

Java Threads: ( => current thread )

Other Threads:

=>0x015a9000 (exited) JavaThread "Unknown thread" [_thread_in_vm, id=2400, stack(0x00340000,0x00390000)]

VM state:not at safepoint (not fully initialized)

VM Mutex/Monitor currently owned by a thread: None

Dynamic libraries:
0x00400000 - 0x00424000 	E:\Downloads\JAVA\jdk1.6.0_16\bin\javaw.exe
0x77020000 - 0x77162000 	C:\Windows\SYSTEM32\ntdll.dll
0x75200000 - 0x752d5000 	C:\Windows\system32\kernel32.dll
0x74f40000 - 0x74f8b000 	C:\Windows\system32\KERNELBASE.dll
0x76820000 - 0x768c1000 	C:\Windows\system32\ADVAPI32.dll
0x754c0000 - 0x7556c000 	C:\Windows\system32\msvcrt.dll
0x77250000 - 0x77269000 	C:\Windows\SYSTEM32\sechost.dll
0x76b10000 - 0x76bb2000 	C:\Windows\system32\RPCRT4.dll
0x753d0000 - 0x75499000 	C:\Windows\system32\USER32.dll
0x76ac0000 - 0x76b0e000 	C:\Windows\system32\GDI32.dll
0x77190000 - 0x7719a000 	C:\Windows\system32\LPK.dll
0x771a0000 - 0x7723d000 	C:\Windows\system32\USP10.dll
0x754a0000 - 0x754bf000 	C:\Windows\system32\IMM32.DLL
0x768d0000 - 0x7699c000 	C:\Windows\system32\MSCTF.dll
0x7c340000 - 0x7c396000 	E:\Downloads\JAVA\jdk1.6.0_16\jre\bin\msvcr71.dll
0x6d8b0000 - 0x6db3b000 	E:\Downloads\JAVA\jdk1.6.0_16\jre\bin\client\jvm.dll
0x74ed0000 - 0x74f02000 	C:\Windows\system32\WINMM.dll
0x74d50000 - 0x74d9c000 	C:\Windows\system32\apphelp.dll
0x6d860000 - 0x6d86c000 	E:\Downloads\JAVA\jdk1.6.0_16\jre\bin\verify.dll
0x6d3e0000 - 0x6d3ff000 	E:\Downloads\JAVA\jdk1.6.0_16\jre\bin\java.dll
0x6d340000 - 0x6d348000 	E:\Downloads\JAVA\jdk1.6.0_16\jre\bin\hpi.dll
0x77240000 - 0x77245000 	C:\Windows\system32\PSAPI.DLL
0x6d8a0000 - 0x6d8af000 	E:\Downloads\JAVA\jdk1.6.0_16\jre\bin\zip.dll

VM Arguments:
jvm_args: -Dfile.encoding=UTF-8 -Xbootclasspath:E:\Downloads\android-sdk-windows\platforms\android-19\android.jar 
java_command: com.joey.expresscall.protocol.comm.InterfaceTestDemo
Launcher Type: SUN_STANDARD

Environment Variables:
JAVA_HOME=E:\Downloads\JAVA\jdk1.6.0_16
PATH=E:/Downloads/JAVA/jdk1.6.0_16/bin/../jre/bin/client;E:/Downloads/JAVA/jdk1.6.0_16/bin/../jre/bin;E:/Downloads/JAVA/jdk1.6.0_16/bin/../jre/lib/i386;C:\Windows\system32;C:\Windows;C:\Windows\System32\Wbem;C:\Windows\System32\WindowsPowerShell\v1.0\;E:\Downloads\JAVA\jdk1.6.0_16\bin;E:\Downloads\android-sdk-windows\tools;E:\Downloads\android-sdk-windows\platform-tools;E:\Downloads\apache-ant-1.9.0\bin;E:\Downloads\android-ndk-r8b;E:\Program Files\Git\cmd;E:\Program Files\Git\mingw32\bin;E:\Program Files\Git\usr\bin;E:\Downloads\eclipse-java-juno-win32\eclipse;
USERNAME=Joey
OS=Windows_NT
PROCESSOR_IDENTIFIER=x86 Family 6 Model 15 Stepping 13, GenuineIntel



---------------  S Y S T E M  ---------------

OS: Windows 7 Build 7601 Service Pack 1

CPU:total 2 (2 cores per cpu, 1 threads per core) family 6 model 15 stepping 13, cmov, cx8, fxsr, mmx, sse, sse2, sse3, ssse3

Memory: 4k page, physical 2097151k(1826900k free), swap 4194303k(4194303k free)

vm_info: Java HotSpot(TM) Client VM (14.2-b01) for windows-x86 JRE (1.6.0_16-b01), built on Jul 31 2009 11:26:58 by "java_re" with MS VC++ 7.1

time: Sun May 08 20:58:25 2016
elapsed time: 0 seconds

